! Started logfile: difmap.log on Tue Nov 26 15:42:59 2019
obs 2200+420.u.2015_05_18.uvf_raw_edt
! Reading UV FITS file: 2200+420.u.2015_05_18.uvf_raw_edt
! AN table 1: 313 integrations on 45 of 45 possible baselines.
! Apparent sampling: 0.920696 visibilities/baseline/integration-bin.
! Found source: 2200+420
! 
! There are 8 IFs, and a total of 8 channels:
! 
!  IF  Channel    Frequency  Freq offset  Number of   Overall IF
!       origin    at origin  per channel   channels    bandwidth
!  ------------------------------------------------------------- (Hz)
!  01        1  1.52399e+10      3.2e+07          1      3.2e+07
!  02        2  1.52719e+10      3.2e+07          1      3.2e+07
!  03        3  1.53039e+10      3.2e+07          1      3.2e+07
!  04        4  1.53359e+10      3.2e+07          1      3.2e+07
!  05        5  1.53679e+10      3.2e+07          1      3.2e+07
!  06        6  1.53999e+10      3.2e+07          1      3.2e+07
!  07        7  1.54319e+10      3.2e+07          1      3.2e+07
!  08        8  1.54639e+10      3.2e+07          1      3.2e+07
! 
! Polarization(s): RR LL RL LR
! 
! Read 1621 lines of history.
! 
! Reading 414976 visibilities.
select I
! Selecting polarization: I,  channels: 1..8
! Reading IF 1 channels: 1..1
! Reading IF 2 channels: 2..2
! Reading IF 3 channels: 3..3
! Reading IF 4 channels: 4..4
! Reading IF 5 channels: 5..5
! Reading IF 6 channels: 6..6
! Reading IF 7 channels: 7..7
! Reading IF 8 channels: 8..8
radplot
! Using default options string "m1"
mapsize 1024 0.1
! Syntax error in line:
! mapsize 1024 0.1
!                ^
! Found constant: 0.100 
! Where an operator was expected
! 
mapsize 1024,0.1
! Map grid = 1024x1024 pixels with 0.100x0.100 milli-arcsec cellsize.
maplot
! Inverting map and beam 
! Estimated beam: bmin=0.4514 mas, bmaj=0.692 mas, bpa=-7.177 degrees
! Estimated noise=0.265022 mJy/beam.
radlpot
! Syntax error in line:
! radlpot
!       ^
! Unable to identify keyword "radlpot"
! 
radplot
! Using default options string "m1"
radplot ?
! No telescope name matches '?'.
! Error occured in command: radplot
! 
help
help radplot
dev /xv
! Attempting to open device: '/xv'
! Error occured in command: device
! 
dev /xw
! Attempting to open device: '/xw'
radplot
! Using default options string "m1"
! Move the cursor into the plot window and press 'H' for help
! 
! Abort command (y/n) or quit program [without saving data] (q)? 
! Abort command (y/n) or quit program [without saving data] (q)? Abort command (y/n) or quit program [without saving data] (q)? 
! Abort command (y/n) or quit program [without saving data] (q)? 
! Abort command (y/n) or quit program [without saving data] (q)? 
